3:Furtuni puternice
4:Furtuni cu fulgere
4:Furtuni cu fulgere puternice
4:Furtuna cu fulgere
4:Ploaie usoara cu fulgere
4:Furtuni cu fulgere tarziu
5:Ploaie/Ninsoare in averse devreme
5:Ploaie/Ninsoare AM
5:Ploaie/Ninsoare PM
5:Ploaie/Ninsoare tarziu
5:Ploaie/Ninsoare spre ploaie
5:Ninsoare spre ploaie
5:Averse de ploaie/ninsoare PM
5:Ploaie/Ninsoare in averse devreme
7:Lapovita si ninsoare spre ploaie
7:Lapovita si ninsoare tarziu
10:Ploaie/Ploaie inghetata
10:Ploaie usoara/Ploaie inghetata
11:Ploaie in averse
11:Ploaie usoara
11:Ploaie usoara AM
11:Ploaie usoara devreme
11:Ploaie usoara PM
11:Ploaie usoara tarziu
11:Averse
11:Averse cu fulgere
11:Averse cu fulgere
11:Cateva averse
12:Ploaie
12:Ploaie devreme
12:Ploaie AM
12:Ploaie/Fulgere
12:Ploaie PM
12:Ploaie tarziu
14:Ninsoare in averse
14:Ninsoare in averse PM
14:Cateva averse de ninsoare
14:Ninsoare usoara
14:Ninsoare usoara AM
14:Ninsoare usoara PM
14:Ninsoare usoara tarziu
16:Ninsoare
16:Ninsoare devreme
20:Ceata AM/Soare PM
20:Ceata AM/Nori PM
20:Ceata tarzie
26:Innorat
26:Averse in apropiere
27:In mare parte innorat
27:Averse in apropiere
28:In mare parte innorat
28:Averse in apropiere
29:Partial innorat
29:Nori devreme/Inseninare tarziu
30:Partial innorat
30:Nori AM/Soare PM
30:Averse in apropiere
31:Senin
32:Insorit
33:In mare parte senin
33:Frumos
34:In mare parte senin
34:Frumos
37:Furtuni cu fulgere izolate
38:Furtuni cu fulgere PM
38:Furtuni cu fulgere izolate
39:Averse PM
39:Averse cu fulgere AM
39:Averse cu fulgere PM
40:Ploaie abundenta
45:Averse devreme
45:Averse tarziu
45:Averse cu fulgere tarziu
46:Ninsori in averse devreme
46:Ninsori in averse tarziu
47:Furtuni cu fulgere devreme
47:Furtuni cu fulgere izolate